<?xml version="1.0" encoding="UTF-8"?>
<!-- Generated by org.testng.reporters.JUnitReportReporter -->
<testsuite hostname="ze.local" failures="0" tests="2" name="bankaDom.TestBankaKod" time="0.018" errors="0" timestamp="23 maj 2021 12:01:54 GMT" skipped="0">
  <testcase classname="bankaDom.TestBankaKod" name="racun" time="0.002"/>
  <testcase classname="bankaDom.TestBankaKod" name="konstruktor" time="0.016"/>
</testsuite> <!-- bankaDom.TestBankaKod -->
