<?xml version="1.0" encoding="UTF-8"?>
<!-- Generated by org.testng.reporters.JUnitReportReporter -->
<testsuite hostname="ze.local" failures="0" tests="3" name="domaciTestNG.TestCalc" time="0.020" errors="0" timestamp="23 maj 2021 11:34:13 GMT" skipped="0">
  <testcase classname="domaciTestNG.TestCalc" name="krug" time="0.015"/>
  <testcase classname="domaciTestNG.TestCalc" name="pravougaonik" time="0.003"/>
  <testcase classname="domaciTestNG.TestCalc" name="kvadrat" time="0.002"/>
</testsuite> <!-- domaciTestNG.TestCalc -->
